
Log for '' Clone_2 (V12.6.3.0) Wed Mar 28 15:38:41 2018


Log for 'parc_complet.lp-pulp.lp' Clone_2 (V12.6.3.0) Wed Mar 28 15:38:50 2018


Log for 'parc_complet.lp-pulp.lp' Clone_2 (V12.6.3.0) Wed Mar 28 15:39:10 2018


Iteration log . . .
Iteration:     1    Infeasibility =         88595.076044
Iteration:   132    Infeasibility =         14471.707352
Iteration:   262    Infeasibility =          2214.483416

Dual simplex solved model.


Log for '' Clone_2 (V12.6.3.0) Wed Mar 28 15:43:32 2018


Log for 'parc_complet.lp-pulp.lp' Clone_2 (V12.6.3.0) Wed Mar 28 15:43:41 2018


Log for 'parc_complet.lp-pulp.lp' Clone_2 (V12.6.3.0) Wed Mar 28 15:44:01 2018


Iteration log . . .
Iteration:     1    Infeasibility =         88595.076044
Iteration:   132    Infeasibility =         14471.707352

Dual simplex solved model.


Log for '' Clone_2 (V12.6.3.0) Wed Mar 28 15:54:12 2018


Log for 'parc_complet.lp-pulp.lp' Clone_2 (V12.6.3.0) Wed Mar 28 15:54:22 2018


Log for 'parc_complet.lp-pulp.lp' Clone_2 (V12.6.3.0) Wed Mar 28 15:55:11 2018


Iteration log . . .
Iteration:     1    Infeasibility =         88595.076044
Iteration:   132    Infeasibility =         14471.707352

Dual simplex solved model.


Log for '' Clone_2 (V12.6.3.0) Wed Mar 28 15:57:38 2018


Log for 'parc_complet.lp-pulp.lp' Clone_2 (V12.6.3.0) Wed Mar 28 15:57:47 2018


Log for 'parc_complet.lp-pulp.lp' Clone_2 (V12.6.3.0) Wed Mar 28 16:00:07 2018


Iteration log . . .
Iteration:     1    Infeasibility =         74635.306662
Iteration:   147    Infeasibility =          8925.129465
Switched to devex.
Iteration:   277    Objective     =      -3505616.517838

Dual simplex solved model.


Log for '' Clone_2 (V12.6.3.0) Wed Mar 28 16:01:17 2018


Log for 'parc_complet.lp-pulp.lp' Clone_2 (V12.6.3.0) Wed Mar 28 16:01:26 2018


Log for 'parc_complet.lp-pulp.lp' Clone_2 (V12.6.3.0) Wed Mar 28 16:06:02 2018


Iteration log . . .
Iteration:     1    Infeasibility =         33867.419210
Iteration:   138    Infeasibility =         10401.840713

Dual simplex solved model.


Log for '' Clone_2 (V12.6.3.0) Wed Mar 28 16:12:01 2018


Log for 'parc_complet.lp-pulp.lp' Clone_2 (V12.6.3.0) Wed Mar 28 16:12:16 2018


Log for 'parc_complet.lp-pulp.lp' Clone_2 (V12.6.3.0) Wed Mar 28 16:12:38 2018


Iteration log . . .
Iteration:     1    Infeasibility =         95271.933739
Iteration:   145    Infeasibility =         23757.454054
Iteration:   287    Infeasibility =          6089.339521

Dual simplex solved model.


Log for '' Clone_2 (V12.6.3.0) Wed Mar 28 16:12:48 2018


Log for 'parc_complet.lp-pulp.lp' Clone_2 (V12.6.3.0) Wed Mar 28 16:13:02 2018


Log for 'parc_complet.lp-pulp.lp' Clone_2 (V12.6.3.0) Wed Mar 28 16:16:51 2018


Iteration log . . .
Iteration:     1    Infeasibility =         78193.115196
Iteration:   151    Infeasibility =         30220.733302

Dual simplex solved model.


Log for '' Clone_2 (V12.6.3.0) Wed Mar 28 16:21:40 2018


Log for 'parc_complet.lp-pulp.lp' Clone_2 (V12.6.3.0) Wed Mar 28 16:21:53 2018


Log for 'parc_complet.lp-pulp.lp' Clone_2 (V12.6.3.0) Wed Mar 28 16:25:33 2018


Iteration log . . .
Iteration:     1    Infeasibility =         68874.439833
Iteration:   143    Infeasibility =         46969.483639

Dual simplex solved model.


Log for '' Clone_2 (V12.6.3.0) Wed Mar 28 16:26:08 2018


Log for 'parc_complet.lp-pulp.lp' Clone_2 (V12.6.3.0) Wed Mar 28 16:26:17 2018


Log for 'parc_complet.lp-pulp.lp' Clone_2 (V12.6.3.0) Wed Mar 28 16:28:55 2018


Iteration log . . .
Iteration:     1    Infeasibility =         86328.468908
Iteration:   165    Infeasibility =          2580.829409
Iteration:   178    Objective     =     -18394657.852450

Dual simplex solved model.


Log for '' Clone_2 (V12.6.3.0) Wed Mar 28 16:37:44 2018


Log for 'parc_complet.lp-pulp.lp' Clone_2 (V12.6.3.0) Wed Mar 28 16:37:53 2018


Log for 'parc_complet.lp-pulp.lp' Clone_2 (V12.6.3.0) Wed Mar 28 16:40:28 2018


Iteration log . . .
Iteration:     1    Infeasibility =         86328.468908
Iteration:   165    Infeasibility =          2580.829409
Iteration:   178    Objective     =     -18394657.852450

Dual simplex solved model.

